[2024-12-20 08:48:17,582] DEBUG in handlers: NLTK 'punkt' tokenizer not found, downloading...
[2024-12-20 08:48:18,431] DEBUG in handlers: NLTK 'punkt' tokenizer downloaded
[2024-12-20 09:02:30,935] DEBUG in handlers: NLTK 'punkt' tokenizer found
[2024-12-23 14:37:18,531] DEBUG in handlers: NLTK 'punkt' tokenizer not found, downloading...
[2024-12-23 14:37:18,981] DEBUG in handlers: NLTK 'punkt' tokenizer downloaded
[2024-12-23 14:43:35,528] DEBUG in handlers: NLTK 'punkt' tokenizer found
[2024-12-23 14:46:28,481] DEBUG in handlers: NLTK 'punkt' tokenizer found
[2024-12-23 14:55:00,560] DEBUG in handlers: NLTK 'punkt' tokenizer found
[2024-12-23 15:01:22,661] DEBUG in handlers: NLTK 'punkt' tokenizer found
[2024-12-23 15:19:38,621] DEBUG in handlers: NLTK 'punkt' tokenizer found
[2024-12-23 15:33:46,305] DEBUG in handlers: NLTK 'punkt' tokenizer found
[2024-12-23 15:46:50,047] DEBUG in handlers: NLTK 'punkt' tokenizer found
[2024-12-23 15:50:04,582] DEBUG in handlers: NLTK 'punkt' tokenizer found
[2024-12-23 16:04:54,870] DEBUG in handlers: NLTK 'punkt' tokenizer found
[2024-12-23 17:59:04,645] DEBUG in handlers: NLTK 'punkt' tokenizer found
[2024-12-23 18:04:45,306] DEBUG in handlers: NLTK 'punkt' tokenizer found
[2024-12-23 18:12:14,016] DEBUG in handlers: NLTK 'punkt' tokenizer found
[2024-12-23 18:19:44,290] DEBUG in handlers: NLTK 'punkt' tokenizer found
[2024-12-23 19:23:45,796] DEBUG in handlers: NLTK 'punkt' tokenizer found
[2024-12-23 19:30:30,618] DEBUG in handlers: NLTK 'punkt' tokenizer found
[2024-12-23 19:32:25,669] DEBUG in handlers: NLTK 'punkt' tokenizer found
[2024-12-23 19:39:22,323] DEBUG in handlers: NLTK 'punkt' tokenizer found
[2024-12-23 19:40:19,033] DEBUG in handlers: NLTK 'punkt' tokenizer found
[2024-12-23 19:48:50,005] DEBUG in handlers: NLTK 'punkt' tokenizer found
[2024-12-23 19:48:50,005] DEBUG in handlers: NLTK 'punkt' tokenizer found
[2024-12-23 19:48:50,006] DEBUG in handlers: NLTK 'punkt' tokenizer found
[2024-12-23 19:51:36,206] DEBUG in handlers: NLTK 'punkt' tokenizer found
[2024-12-23 19:54:44,272] DEBUG in handlers: NLTK 'punkt' tokenizer found
[2024-12-23 19:56:43,234] DEBUG in handlers: NLTK 'punkt' tokenizer found
[2024-12-23 20:33:44,219] DEBUG in handlers: NLTK 'punkt' tokenizer found
[2024-12-23 20:37:59,622] DEBUG in handlers: NLTK 'punkt' tokenizer found
[2024-12-23 21:37:06,878] DEBUG in handlers: NLTK 'punkt' tokenizer found
[2024-12-23 21:43:54,604] DEBUG in handlers: NLTK 'punkt' tokenizer found
[2024-12-24 06:51:43,274] DEBUG in handlers: NLTK 'punkt' tokenizer found
[2024-12-24 10:15:30,274] DEBUG in handlers: NLTK 'punkt' tokenizer found
[2024-12-24 10:23:38,107] DEBUG in handlers: NLTK 'punkt' tokenizer found
[2024-12-24 11:48:24,833] DEBUG in handlers: NLTK 'punkt' tokenizer found
[2024-12-24 13:42:16,838] DEBUG in handlers: NLTK 'punkt' tokenizer found
[2024-12-24 13:43:59,025] DEBUG in handlers: NLTK 'punkt' tokenizer found
[2024-12-24 13:50:37,530] DEBUG in handlers: Accessed chat route
[2024-12-24 13:50:37,530] ERROR in handlers: No document selected
[2024-12-24 15:20:52,314] DEBUG in handlers: NLTK 'punkt' tokenizer found
[2024-12-24 16:10:25,323] DEBUG in handlers: NLTK 'punkt' tokenizer found
[2024-12-24 17:13:57,225] DEBUG in handlers: NLTK 'punkt' tokenizer found
[2024-12-24 17:17:59,788] DEBUG in handlers: NLTK 'punkt' tokenizer found
[2024-12-24 17:19:16,832] DEBUG in handlers: Accessed chat route
[2024-12-24 17:19:16,832] ERROR in handlers: No document selected
[2024-12-24 21:19:41,886] DEBUG in handlers: NLTK 'punkt' tokenizer found
[2024-12-24 21:21:42,259] DEBUG in handlers: NLTK 'punkt' tokenizer found
[2024-12-24 21:26:40,504] DEBUG in handlers: Accessed chat route
[2024-12-24 21:26:40,504] ERROR in handlers: No document selected
[2024-12-24 21:46:25,670] DEBUG in handlers: NLTK 'punkt' tokenizer found
[2024-12-24 23:40:55,473] DEBUG in handlers: NLTK 'punkt' tokenizer found
[2024-12-24 23:59:45,841] DEBUG in handlers: NLTK 'punkt' tokenizer found
[2024-12-25 00:03:54,998] DEBUG in handlers: NLTK 'punkt' tokenizer found
[2024-12-25 00:59:12,988] DEBUG in handlers: NLTK 'punkt' tokenizer found
[2024-12-25 01:03:12,123] DEBUG in handlers: NLTK 'punkt' tokenizer found
[2024-12-25 01:46:46,809] DEBUG in handlers: NLTK 'punkt' tokenizer found
[2024-12-25 05:57:59,526] DEBUG in handlers: NLTK 'punkt' tokenizer found
[2024-12-25 07:48:51,581] DEBUG in handlers: NLTK 'punkt' tokenizer found
[2024-12-25 17:04:00,532] DEBUG in handlers: NLTK 'punkt' tokenizer found
[2024-12-25 17:05:09,655] DEBUG in handlers: NLTK 'punkt' tokenizer found
[2024-12-25 17:51:14,493] DEBUG in handlers: NLTK 'punkt' tokenizer found
[2024-12-25 18:03:23,928] DEBUG in handlers: NLTK 'punkt' tokenizer found
[2024-12-25 18:09:44,242] DEBUG in handlers: NLTK 'punkt' tokenizer found
[2024-12-25 18:42:04,667] DEBUG in handlers: NLTK 'punkt' tokenizer found
[2024-12-25 18:42:27,140] DEBUG in handlers: NLTK 'punkt' tokenizer found
[2024-12-25 18:50:42,150] DEBUG in handlers: NLTK 'punkt' tokenizer found
[2024-12-26 06:38:34,088] DEBUG in handlers: NLTK 'punkt' tokenizer found
[2024-12-26 06:39:00,279] DEBUG in handlers: NLTK 'punkt' tokenizer found
[2024-12-26 13:35:59,412] DEBUG in handlers: NLTK 'punkt' tokenizer found
[2024-12-26 13:36:22,147] DEBUG in handlers: NLTK 'punkt' tokenizer found
[2024-12-26 16:58:54,780] DEBUG in handlers: NLTK 'punkt' tokenizer found
[2024-12-26 17:00:55,947] DEBUG in handlers: NLTK 'punkt' tokenizer found
[2024-12-26 17:08:35,027] DEBUG in handlers: NLTK 'punkt' tokenizer found
[2024-12-27 06:56:43,601] DEBUG in handlers: NLTK 'punkt' tokenizer found
[2024-12-27 06:57:00,652] DEBUG in handlers: NLTK 'punkt' tokenizer found
[2024-12-27 07:03:11,575] DEBUG in handlers: NLTK 'punkt' tokenizer found
[2024-12-27 09:25:34,771] DEBUG in handlers: NLTK 'punkt' tokenizer found
[2024-12-27 09:25:53,489] DEBUG in handlers: NLTK 'punkt' tokenizer found
[2024-12-27 09:41:16,765] DEBUG in handlers: NLTK 'punkt' tokenizer found
[2024-12-27 09:41:29,058] DEBUG in handlers: NLTK 'punkt' tokenizer found
[2024-12-27 10:09:30,418] DEBUG in handlers: NLTK 'punkt' tokenizer found
[2024-12-27 10:09:42,581] DEBUG in handlers: NLTK 'punkt' tokenizer found
[2024-12-27 10:24:48,121] DEBUG in handlers: NLTK 'punkt' tokenizer found
[2024-12-27 10:25:03,964] DEBUG in handlers: NLTK 'punkt' tokenizer found
[2024-12-27 11:59:00,929] DEBUG in handlers: NLTK 'punkt' tokenizer found
[2024-12-27 11:59:02,630] DEBUG in handlers: NLTK 'punkt' tokenizer found
[2024-12-27 12:00:05,382] DEBUG in handlers: NLTK 'punkt' tokenizer found
[2024-12-27 12:00:07,115] DEBUG in handlers: NLTK 'punkt' tokenizer found
[2024-12-28 11:09:19,571] DEBUG in handlers: NLTK 'punkt' tokenizer found
[2024-12-28 11:09:30,208] DEBUG in handlers: NLTK 'punkt' tokenizer found
[2024-12-28 11:33:57,664] DEBUG in handlers: NLTK 'punkt' tokenizer found
[2024-12-28 11:34:11,603] DEBUG in handlers: NLTK 'punkt' tokenizer found
[2024-12-28 13:28:28,900] DEBUG in handlers: NLTK 'punkt' tokenizer found
[2024-12-28 13:28:43,893] DEBUG in handlers: NLTK 'punkt' tokenizer found
